<?xml version="1.0" encoding="UTF-8"?>
<testng-results skipped="0" failed="0" ignored="0" total="1" passed="1">
  <reporter-output>
  </reporter-output>
  <suite name="Default suite" duration-ms="7650" started-at="2018-04-15T16:17:42Z" finished-at="2018-04-15T16:17:50Z">
    <groups>
    </groups>
    <test name="Default test" duration-ms="7650" started-at="2018-04-15T16:17:42Z" finished-at="2018-04-15T16:17:50Z">
      <class name="tests.ClassWork">
        <test-method status="PASS" signature="initDrivers()[pri:0, instance:tests.ClassWork@6767c1fc]" name="initDrivers" is-config="true" duration-ms="7609" started-at="2018-04-15T16:17:42Z" finished-at="2018-04-15T16:17:50Z">
          <reporter-output>
          </reporter-output>
        </test-method> <!-- initDrivers -->
        <test-method status="PASS" signature="testingFirstName()[pri:0, instance:tests.ClassWork@6767c1fc]" name="testingFirstName" duration-ms="5" started-at="2018-04-15T16:17:50Z" finished-at="2018-04-15T16:17:50Z">
          <reporter-output>
          </reporter-output>
        </test-method> <!-- testingFirstName -->
      </class> <!-- tests.ClassWork -->
    </test> <!-- Default test -->
  </suite> <!-- Default suite -->
</testng-results>
