<?xml version="1.0" encoding="UTF-8"?>
<testng-results skipped="0" failed="0" ignored="0" total="2" passed="2">
  <reporter-output>
  </reporter-output>
  <suite name="Default suite" duration-ms="43" started-at="2018-04-22T15:49:37Z" finished-at="2018-04-22T15:49:37Z">
    <groups>
    </groups>
    <test name="Default test" duration-ms="43" started-at="2018-04-22T15:49:37Z" finished-at="2018-04-22T15:49:37Z">
      <class name="tests.AnnotactionOrec">
        <test-method status="PASS" signature="beforeSuite()[pri:0, instance:tests.AnnotactionOrec@39aeed2f]" name="beforeSuite" is-config="true" duration-ms="10" started-at="2018-04-22T15:49:37Z" finished-at="2018-04-22T15:49:37Z">
          <reporter-output>
          </reporter-output>
        </test-method> <!-- beforeSuite -->
        <test-method status="PASS" signature="beforeTest()[pri:0, instance:tests.AnnotactionOrec@39aeed2f]" name="beforeTest" is-config="true" duration-ms="0" started-at="2018-04-22T15:49:37Z" finished-at="2018-04-22T15:49:37Z">
          <reporter-output>
          </reporter-output>
        </test-method> <!-- beforeTest -->
        <test-method status="PASS" signature="beforeClass()[pri:0, instance:tests.AnnotactionOrec@39aeed2f]" name="beforeClass" is-config="true" duration-ms="0" started-at="2018-04-22T15:49:37Z" finished-at="2018-04-22T15:49:37Z">
          <reporter-output>
          </reporter-output>
        </test-method> <!-- beforeClass -->
        <test-method status="PASS" signature="myTest()[pri:1, instance:tests.AnnotactionOrec@39aeed2f]" name="myTest" duration-ms="7" started-at="2018-04-22T15:49:37Z" finished-at="2018-04-22T15:49:37Z">
          <reporter-output>
          </reporter-output>
        </test-method> <!-- myTest -->
        <test-method status="PASS" signature="beforeMethod()[pri:0, instance:tests.AnnotactionOrec@39aeed2f]" name="beforeMethod" is-config="true" duration-ms="0" started-at="2018-04-22T15:49:37Z" finished-at="2018-04-22T15:49:37Z">
          <reporter-output>
          </reporter-output>
        </test-method> <!-- beforeMethod -->
        <test-method status="PASS" signature="afterMethod()[pri:0, instance:tests.AnnotactionOrec@39aeed2f]" name="afterMethod" is-config="true" duration-ms="1" started-at="2018-04-22T15:49:37Z" finished-at="2018-04-22T15:49:37Z">
          <reporter-output>
          </reporter-output>
        </test-method> <!-- afterMethod -->
        <test-method status="PASS" signature="beforeMethod()[pri:0, instance:tests.AnnotactionOrec@39aeed2f]" name="beforeMethod" is-config="true" duration-ms="0" started-at="2018-04-22T15:49:37Z" finished-at="2018-04-22T15:49:37Z">
          <reporter-output>
          </reporter-output>
        </test-method> <!-- beforeMethod -->
        <test-method status="PASS" signature="myTest2()[pri:2, instance:tests.AnnotactionOrec@39aeed2f]" name="myTest2" duration-ms="1" started-at="2018-04-22T15:49:37Z" finished-at="2018-04-22T15:49:37Z">
          <reporter-output>
          </reporter-output>
        </test-method> <!-- myTest2 -->
        <test-method status="PASS" signature="afterMethod()[pri:0, instance:tests.AnnotactionOrec@39aeed2f]" name="afterMethod" is-config="true" duration-ms="1" started-at="2018-04-22T15:49:37Z" finished-at="2018-04-22T15:49:37Z">
          <reporter-output>
          </reporter-output>
        </test-method> <!-- afterMethod -->
        <test-method status="PASS" signature="afterTest()[pri:0, instance:tests.AnnotactionOrec@39aeed2f]" name="afterTest" is-config="true" duration-ms="1" started-at="2018-04-22T15:49:37Z" finished-at="2018-04-22T15:49:37Z">
          <reporter-output>
          </reporter-output>
        </test-method> <!-- afterTest -->
        <test-method status="PASS" signature="afterClass()[pri:0, instance:tests.AnnotactionOrec@39aeed2f]" name="afterClass" is-config="true" duration-ms="0" started-at="2018-04-22T15:49:37Z" finished-at="2018-04-22T15:49:37Z">
          <reporter-output>
          </reporter-output>
        </test-method> <!-- afterClass -->
        <test-method status="PASS" signature="afterSuite()[pri:0, instance:tests.AnnotactionOrec@39aeed2f]" name="afterSuite" is-config="true" duration-ms="1" started-at="2018-04-22T15:49:38Z" finished-at="2018-04-22T15:49:38Z">
          <reporter-output>
          </reporter-output>
        </test-method> <!-- afterSuite -->
      </class> <!-- tests.AnnotactionOrec -->
    </test> <!-- Default test -->
  </suite> <!-- Default suite -->
</testng-results>
